<?xml version="1.0" encoding="UTF-8"?>
<!-- Generated by org.testng.reporters.JUnitXMLReporter -->
<testsuite ignored="0" hostname="Balamanikandan" failures="0" tests="4" name="Default test" time="0.067" errors="0" timestamp="2024-02-03T19:16:53 IST">
  <testcase classname="test.Sample" name="startthecar" time="0.018"/>
  <testcase classname="test.Sample" name="putfirstgear" time="0.001"/>
  <testcase classname="test.Sample" name="putsecondgear" time="0.002"/>
  <testcase classname="test.Sample" name="putthirdgear" time="0.001"/>
</testsuite> <!-- Default test -->
