<?xml version="1.0" encoding="UTF-8"?>
<!-- Generated by org.testng.reporters.JUnitXMLReporter -->
<testsuite ignored="0" hostname="Balamanikandan" failures="1" tests="2" name="Test" time="0.09" errors="0" timestamp="2024-01-13T12:45:53 IST">
  <testcase classname="test.SampleTesting" name="tc01" time="0.015"/>
  <testcase classname="test.SampleTesting" name="tc02" time="0.007">
    <failure type="java.lang.AssertionError" message="expected [true] but found [false]">
      <![CDATA[java.lang.AssertionError: expected [true] but found [false]
at test.SampleTesting.tc02(SampleTesting.java:16)
at java.base/java.util.ArrayList.forEach(ArrayList.java:1511)
... Removed 29 stack frames]]>
    </failure>
  </testcase> <!-- tc02 -->
</testsuite> <!-- Test -->
