<?xml version="1.0" encoding="UTF-8"?>
<testng-results ignored="0" total="4" passed="4" failed="0" skipped="0">
  <reporter-output>
  </reporter-output>
  <suite started-at="2024-02-03T19:16:53 IST" name="Default suite" finished-at="2024-02-03T19:16:53 IST" duration-ms="67">
    <groups>
    </groups>
    <test started-at="2024-02-03T19:16:53 IST" name="Default test" finished-at="2024-02-03T19:16:53 IST" duration-ms="67">
      <class name="test.Sample">
        <test-method signature="startthecar()[pri:1, instance:test.Sample@5c5eefef]" started-at="2024-02-03T19:16:53 IST" name="startthecar" finished-at="2024-02-03T19:16:53 IST" duration-ms="18" status="PASS">
          <reporter-output>
          </reporter-output>
        </test-method> <!-- startthecar -->
        <test-method signature="putfirstgear()[pri:2, instance:test.Sample@5c5eefef]" started-at="2024-02-03T19:16:53 IST" name="putfirstgear" finished-at="2024-02-03T19:16:53 IST" duration-ms="1" status="PASS">
          <reporter-output>
          </reporter-output>
        </test-method> <!-- putfirstgear -->
        <test-method signature="putsecondgear()[pri:3, instance:test.Sample@5c5eefef]" started-at="2024-02-03T19:16:53 IST" name="putsecondgear" finished-at="2024-02-03T19:16:53 IST" duration-ms="2" status="PASS">
          <reporter-output>
          </reporter-output>
        </test-method> <!-- putsecondgear -->
        <test-method signature="putthirdgear()[pri:4, instance:test.Sample@5c5eefef]" started-at="2024-02-03T19:16:53 IST" name="putthirdgear" finished-at="2024-02-03T19:16:53 IST" duration-ms="1" status="PASS">
          <reporter-output>
          </reporter-output>
        </test-method> <!-- putthirdgear -->
      </class> <!-- test.Sample -->
    </test> <!-- Default test -->
  </suite> <!-- Default suite -->
</testng-results>
